Timestamp	Filename	Error	Message
2014-12-30 08:34:04.813 -0500	website_cache_primer.fmp12	0	Import of script steps from clipboard started
2014-12-30 08:34:04.820 -0500	cache_site	0	script steps imported : 3
2014-12-30 08:34:04.820 -0500	website_cache_primer.fmp12	0	Import completed
2014-12-31 09:02:38.202 -0500	website_cache_primer.fmp12	0	Import of script steps from clipboard started
2014-12-31 09:02:38.205 -0500	cache_site	0	script steps imported : 3
2014-12-31 09:02:38.205 -0500	website_cache_primer.fmp12	0	Import completed
2014-12-31 09:12:58.679 -0500	website_cache_primer.fmp12	0	Import of script steps from clipboard started
2014-12-31 09:12:58.682 -0500	cache_site	0	script steps imported : 3
2014-12-31 09:12:58.682 -0500	website_cache_primer.fmp12	0	Import completed
2014-12-31 09:13:07.318 -0500	website_cache_primer.fmp12	0	Import of script steps from clipboard started
2014-12-31 09:13:07.321 -0500	cache_site	0	script steps imported : 1
2014-12-31 09:13:07.321 -0500	website_cache_primer.fmp12	0	Import completed
2014-12-31 09:14:43.381 -0500	website_cache_primer.fmp12	0	Import of script steps from clipboard started
2014-12-31 09:14:43.383 -0500	cache_site	0	script steps imported : 1
2014-12-31 09:14:43.384 -0500	website_cache_primer.fmp12	0	Import completed
2014-12-31 09:14:44.341 -0500	website_cache_primer.fmp12	0	Import of script steps from clipboard started
2014-12-31 09:14:44.343 -0500	cache_site	0	script steps imported : 1
2014-12-31 09:14:44.344 -0500	website_cache_primer.fmp12	0	Import completed
2014-12-31 09:14:45.901 -0500	website_cache_primer.fmp12	0	Import of script steps from clipboard started
2014-12-31 09:14:45.903 -0500	cache_site	0	script steps imported : 1
2014-12-31 09:14:45.904 -0500	website_cache_primer.fmp12	0	Import completed
2014-12-31 09:14:46.892 -0500	website_cache_primer.fmp12	0	Import of script steps from clipboard started
2014-12-31 09:14:46.892 -0500	cache_site	0	script steps imported : 1
2014-12-31 09:14:46.892 -0500	website_cache_primer.fmp12	0	Import completed
2015-01-01 06:39:09.300 -0500	website_cache_primer.fmp12	0	Import of script steps from clipboard started
2015-01-01 06:39:09.303 -0500	cache_site ( type [drip;fast] ; delay )	0	script steps imported : 3
2015-01-01 06:39:09.304 -0500	website_cache_primer.fmp12	0	Import completed
2015-01-01 06:43:37.678 -0500	website_cache_primer.fmp12	0	Import of script steps from clipboard started
2015-01-01 06:43:37.681 -0500	cache_site ( type [drip;fast] ; delay )	0	script steps imported : 1
2015-01-01 06:43:37.681 -0500	website_cache_primer.fmp12	0	Import completed
2015-01-02 10:06:00.411 -0500	website_cache_primer.fmp12	0	Import of scripts from file “FloristWare.fmp12” started
2015-01-02 10:06:00.462 -0500	toggle_boolean_field__BUTTON ( field name )	0	script steps imported : 12
2015-01-02 10:06:00.462 -0500	website_cache_primer.fmp12	0	scripts imported : 1
2015-01-02 10:06:00.463 -0500	website_cache_primer.fmp12	0	Import completed
2015-01-04 07:55:58.576 -0500	website_cache_primer.fmp12	0	Import of script steps from clipboard started
2015-01-04 07:55:58.581 -0500	New Script	0	script steps imported : 1
2015-01-04 07:55:58.581 -0500	website_cache_primer.fmp12	0	Import completed
2015-01-04 07:56:11.734 -0500	website_cache_primer.fmp12	0	Import of script steps from clipboard started
2015-01-04 07:56:11.737 -0500	New Script	0	script steps imported : 1
2015-01-04 07:56:11.737 -0500	website_cache_primer.fmp12	0	Import completed
2015-01-04 07:56:28.758 -0500	website_cache_primer.fmp12	0	Import of script steps from clipboard started
2015-01-04 07:56:28.761 -0500	New Script	0	script steps imported : 1
2015-01-04 07:56:28.762 -0500	website_cache_primer.fmp12	0	Import completed
2015-01-04 07:58:43.712 -0500	website_cache_primer.fmp12	0	Import of script steps from clipboard started
2015-01-04 07:58:43.715 -0500	delete_url_records	0	script steps imported : 3
2015-01-04 07:58:43.715 -0500	website_cache_primer.fmp12	0	Import completed
2015-01-04 08:01:03.146 -0500	website_cache_primer.fmp12	0	Import of script steps from clipboard started
2015-01-04 08:01:03.149 -0500	delete_url_records ( site_uuid )	0	script steps imported : 1
2015-01-04 08:01:03.149 -0500	website_cache_primer.fmp12	0	Import completed
2015-01-04 08:01:49.403 -0500	website_cache_primer.fmp12	0	Import of script steps from clipboard started
2015-01-04 08:01:49.405 -0500	delete_url_records ( site_uuid )	0	script steps imported : 1
2015-01-04 08:01:49.406 -0500	website_cache_primer.fmp12	0	Import completed
2015-01-04 08:08:59.774 -0500	website_cache_primer.fmp12	0	Import of script steps from clipboard started
2015-01-04 08:08:59.777 -0500	delete_urls_all	0	script steps imported : 1
2015-01-04 08:08:59.777 -0500	website_cache_primer.fmp12	0	Import completed
2015-01-04 08:13:17.209 -0500	website_cache_primer.fmp12	0	Import of script steps from clipboard started
2015-01-04 08:13:17.214 -0500	delete_urls_all	0	script steps imported : 35
2015-01-04 08:13:17.214 -0500	website_cache_primer.fmp12	0	Import completed
2015-01-05 09:48:11.094 -0500	website_cache_primer.fmp12	0	Import of script steps from clipboard started
2015-01-05 09:48:11.096 -0500	urls_gather_all	0	script steps imported : 2
2015-01-05 09:48:11.096 -0500	website_cache_primer.fmp12	0	Import completed
2015-01-05 09:48:31.403 -0500	website_cache_primer.fmp12	0	Import of script steps from clipboard started
2015-01-05 09:48:31.406 -0500	urls_gather_all	0	script steps imported : 1
2015-01-05 09:48:31.406 -0500	website_cache_primer.fmp12	0	Import completed
2015-01-06 09:12:12.228 -0500	website_cache_primer.fmp12	0	Import of script steps from clipboard started
2015-01-06 09:12:12.230 -0500	cache_all	0	script steps imported : 2
2015-01-06 09:12:12.230 -0500	website_cache_primer.fmp12	0	Import completed
2015-01-06 09:13:09.778 -0500	website_cache_primer.fmp12	0	Import of script steps from clipboard started
2015-01-06 09:13:09.781 -0500	cache_all	0	script steps imported : 2
2015-01-06 09:13:09.781 -0500	website_cache_primer.fmp12	0	Import completed
2015-01-06 09:42:12.853 -0500	website_cache_primer.fmp12	0	Import of script steps from clipboard started
2015-01-06 09:42:12.856 -0500	cache_all	0	script steps imported : 1
2015-01-06 09:42:12.856 -0500	website_cache_primer.fmp12	0	Import completed
2015-01-06 09:42:14.293 -0500	website_cache_primer.fmp12	0	Import of script steps from clipboard started
2015-01-06 09:42:14.295 -0500	cache_all	0	script steps imported : 1
2015-01-06 09:42:14.295 -0500	website_cache_primer.fmp12	0	Import completed
2015-01-06 09:42:21.268 -0500	website_cache_primer.fmp12	0	Import of script steps from clipboard started
2015-01-06 09:42:21.268 -0500	cache_all	0	script steps imported : 1
2015-01-06 09:42:21.268 -0500	website_cache_primer.fmp12	0	Import completed
2015-01-06 09:42:22.093 -0500	website_cache_primer.fmp12	0	Import of script steps from clipboard started
2015-01-06 09:42:22.095 -0500	cache_all	0	script steps imported : 1
2015-01-06 09:42:22.095 -0500	website_cache_primer.fmp12	0	Import completed
2015-01-06 09:42:22.653 -0500	website_cache_primer.fmp12	0	Import of script steps from clipboard started
2015-01-06 09:42:22.653 -0500	cache_all	0	script steps imported : 1
2015-01-06 09:42:22.654 -0500	website_cache_primer.fmp12	0	Import completed
2015-01-06 09:42:22.868 -0500	website_cache_primer.fmp12	0	Import of script steps from clipboard started
2015-01-06 09:42:22.869 -0500	cache_all	0	script steps imported : 1
2015-01-06 09:42:22.869 -0500	website_cache_primer.fmp12	0	Import completed
2015-01-06 09:42:57.147 -0500	website_cache_primer.fmp12	0	Import of script steps from clipboard started
2015-01-06 09:42:57.148 -0500	cache_all	0	script steps imported : 1
2015-01-06 09:42:57.148 -0500	website_cache_primer.fmp12	0	Import completed
2015-01-07 09:55:15.804 -0500	website_cache_primer.fmp12	0	Import operations started
2015-01-07 09:55:58.519 -0500	website_cache_primer.fmp12	0	Import of custom functions from file “FloristWare.fmp12” started
2015-01-07 09:55:58.530 -0500	website_cache_primer.fmp12	0	custom functions imported : 1
2015-01-07 09:55:58.531 -0500	website_cache_primer.fmp12	0	Import completed
2015-01-07 09:56:04.215 -0500	website_cache_primer.fmp12	0	Import operations committed
2015-01-07 09:56:04.217 -0500	website_cache_primer.fmp12	0	==================================================================
2015-01-07 10:01:49.384 -0500	website_cache_primer.fmp12	0	Import of script steps from clipboard started
2015-01-07 10:01:49.392 -0500	cache_site ( type [drip;fast] ; delay )	0	script steps imported : 2
2015-01-07 10:01:49.392 -0500	website_cache_primer.fmp12	0	Import completed
